<?xml version="1.0" encoding="UTF-8"?>
<!-- Generated by org.testng.reporters.JUnitXMLReporter -->
<testsuite ignored="2" hostname="vrupeshkrishna-lp" failures="0" tests="1" name="Test" time="11.78" errors="0" timestamp="2023-08-11T13:39:45 IST">
  <testcase classname="testCases.TC_001_AccountRegistrationTest" name="test_account_registration" time="4.035"/>
  <testcase classname="testCases.TC_003_LoginDDT" name="test_loginDDT" time="0.0">
    <ignored/>
  </testcase> <!-- test_loginDDT -->
  <testcase classname="testCases.TC_002_LoginChecking" name="test_account_registration" time="0.0">
    <ignored/>
  </testcase> <!-- test_account_registration -->
</testsuite> <!-- Test -->
